<?xml version="1.0" encoding="UTF-8"?>
<!-- Generated by org.testng.reporters.JUnitReportReporter -->
<testsuite hostname="DESKTOP-FLSFRGS" failures="0" tests="1" name="Edit.EstudiandoSelenium.probando3a" time="5.993" errors="0" timestamp="2022-06-07T23:39:24 ART" skipped="0">
  <testcase classname="Edit.EstudiandoSelenium.probando3a" name="registrarUsuario" time="5.993"/>
  <system-out/>
</testsuite> <!-- Edit.EstudiandoSelenium.probando3a -->
