<?xml version="1.0" encoding="UTF-8"?>
<!-- Generated by org.testng.reporters.JUnitReportReporter -->
<testsuite hostname="DESKTOP-FLSFRGS" failures="0" tests="1" name="Edit.EstudiandoSelenium.AppTest" time="0.001" errors="0" timestamp="2022-06-07T22:49:58 ART" skipped="0">
  <testcase classname="Edit.EstudiandoSelenium.AppTest" name="imprimirHolaMundo" time="0.001"/>
  <system-out/>
</testsuite> <!-- Edit.EstudiandoSelenium.AppTest -->
