<?xml version="1.0" encoding="UTF-8"?>
<!-- Generated by org.testng.reporters.JUnitReportReporter -->
<testsuite hostname="DESKTOP-FLSFRGS" failures="0" tests="3" name="prueba.ejercicio$probando3a" time="11.552" errors="0" timestamp="2022-06-09T17:19:00 ART" skipped="0">
  <testcase classname="prueba.ejercicio$probando3a" name="buscarPalabra" time="4.057"/>
  <system-out/>
  <testcase classname="prueba.ejercicio$probando3a" name="contactUs" time="4.101"/>
  <system-out/>
  <testcase classname="prueba.ejercicio$probando3a" name="login" time="3.394"/>
  <system-out/>
</testsuite> <!-- prueba.ejercicio$probando3a -->
