<?xml version="1.0" encoding="UTF-8"?>
<!-- Generated by org.testng.reporters.JUnitReportReporter -->
<testsuite hostname="DESKTOP-FLSFRGS" failures="0" tests="5" name="prueba.ejercicio2" time="20.130" errors="0" timestamp="2022-06-09T20:31:59 ART" skipped="0">
  <testcase classname="prueba.ejercicio2" name="login" time="4.120"/>
  <system-out/>
  <testcase classname="prueba.ejercicio2" name="login" time="4.791"/>
  <system-out/>
  <testcase classname="prueba.ejercicio2" name="login" time="4.401"/>
  <system-out/>
  <testcase classname="prueba.ejercicio2" name="login" time="3.463"/>
  <system-out/>
  <testcase classname="prueba.ejercicio2" name="login" time="3.355"/>
  <system-out/>
</testsuite> <!-- prueba.ejercicio2 -->
